{"name": "test_inventory_page", "status": "broken", "statusDetails": {"message": "selenium.common.exceptions.TimeoutException: Message: \nStacktrace:\nSymbols not available. Dumping unresolved backtrace:\n\t0x7ff66c4d88e5\n\t0x7ff66c4d8940\n\t0x7ff66c2b165d\n\t0x7ff66c309a33\n\t0x7ff66c309d3c\n\t0x7ff66c35df67\n\t0x7ff66c35ac97\n\t0x7ff66c2fac29\n\t0x7ff66c2fba93\n\t0x7ff66c7f0640\n\t0x7ff66c7eaf80\n\t0x7ff66c8096e6\n\t0x7ff66c4f5de4\n\t0x7ff66c4fed8c\n\t0x7ff66c4e2004\n\t0x7ff66c4e21b5\n\t0x7ff66c4c7ee2\n\t0x7ff9bb8ce8d7\n\t0x7ff9bcf4c53c", "trace": "driver = <selenium.webdriver.chrome.webdriver.WebDriver (session=\"348084b3306f66711b0824380598ee8d\")>, auto_login = None\n\n    def test_inventory_page(driver, auto_login):\n        inventory_page = InventoryPage(driver)\n>       inventory_page.add_backpack_to_cart()\n\ntests\\test_cart.py:5: \n_ _ _ _ _ _ _ _ _ _ _ _ _ _ _ _ _ _ _ _ _ _ _ _ _ _ _ _ _ _ _ _ _ _ _ _ _ _ _ _ _ _ _ _ _ _ _ _ _ _ _ _ _ _ _ _ _ _ _ _ _ _ _ _ _ _ _ _ _ _ _ _ _ _ _ _ _ _ _ _ _ _ _ _ _ _ _ _ _ _ _ _ _ _ _ _ _ _ _ _ _ _ _ _ _ _ _ _ _ _ _ _ _ \npages\\inventory_page.py:12: in add_backpack_to_cart\n    self.click_elem(self.ADD_TO_CART_BUTTON)\npages\\base_page.py:16: in click_elem\n    elem = self.wait_for_elem(locator)\n           ^^^^^^^^^^^^^^^^^^^^^^^^^^^\npages\\base_page.py:11: in wait_for_elem\n    elem = wait.until(EC.visibility_of_element_located(locator))\n           ^^^^^^^^^^^^^^^^^^^^^^^^^^^^^^^^^^^^^^^^^^^^^^^^^^^^^\n_ _ _ _ _ _ _ _ _ _ _ _ _ _ _ _ _ _ _ _ _ _ _ _ _ _ _ _ _ _ _ _ _ _ _ _ _ _ _ _ _ _ _ _ _ _ _ _ _ _ _ _ _ _ _ _ _ _ _ _ _ _ _ _ _ _ _ _ _ _ _ _ _ _ _ _ _ _ _ _ _ _ _ _ _ _ _ _ _ _ _ _ _ _ _ _ _ _ _ _ _ _ _ _ _ _ _ _ _ _ _ _ _ \n\nself = <selenium.webdriver.support.wait.WebDriverWait (session=\"348084b3306f66711b0824380598ee8d\")>, method = <function visibility_of_element_located.<locals>._predicate at 0x00000168594E11C0>, message = ''\n\n    def until(self, method: Callable[[D], Literal[False] | T], message: str = \"\") -> T:\n        \"\"\"Wait until the method returns a value that is not False.\n    \n        Calls the method provided with the driver as an argument until the\n        return value does not evaluate to ``False``.\n    \n        Args:\n            method: A callable object that takes a WebDriver instance as an\n                argument.\n            message: Optional message for TimeoutException.\n    \n        Returns:\n            The result of the last call to `method`.\n    \n        Raises:\n            TimeoutException: If 'method' does not return a truthy value within\n                the WebDriverWait object's timeout.\n    \n        Example:\n            >>> from selenium.webdriver.common.by import By\n            >>> from selenium.webdriver.support.ui import WebDriverWait\n            >>> from selenium.webdriver.support import expected_conditions as EC\n            >>>\n            >>> # Wait until an element is visible on the page\n            >>> wait = WebDriverWait(driver, 10)\n            >>> element = wait.until(EC.visibility_of_element_located((By.ID, \"exampleId\")))\n            >>> print(element.text)\n        \"\"\"\n        screen = None\n        stacktrace = None\n    \n        end_time = time.monotonic() + self._timeout\n        while True:\n            try:\n                value = method(self._driver)\n                if value:\n                    return value\n            except self._ignored_exceptions as exc:\n                screen = getattr(exc, \"screen\", None)\n                stacktrace = getattr(exc, \"stacktrace\", None)\n            if time.monotonic() > end_time:\n                break\n            time.sleep(self._poll)\n>       raise TimeoutException(message, screen, stacktrace)\nE       selenium.common.exceptions.TimeoutException: Message: \nE       Stacktrace:\nE       Symbols not available. Dumping unresolved backtrace:\nE       \t0x7ff66c4d88e5\nE       \t0x7ff66c4d8940\nE       \t0x7ff66c2b165d\nE       \t0x7ff66c309a33\nE       \t0x7ff66c309d3c\nE       \t0x7ff66c35df67\nE       \t0x7ff66c35ac97\nE       \t0x7ff66c2fac29\nE       \t0x7ff66c2fba93\nE       \t0x7ff66c7f0640\nE       \t0x7ff66c7eaf80\nE       \t0x7ff66c8096e6\nE       \t0x7ff66c4f5de4\nE       \t0x7ff66c4fed8c\nE       \t0x7ff66c4e2004\nE       \t0x7ff66c4e21b5\nE       \t0x7ff66c4c7ee2\nE       \t0x7ff9bb8ce8d7\nE       \t0x7ff9bcf4c53c\n\n.venv\\Lib\\site-packages\\selenium\\webdriver\\support\\wait.py:122: TimeoutException"}, "steps": [{"name": "Клікаю по елементу: ('id', 'addd-to-cart-sauce-labs-backpack')", "status": "broken", "statusDetails": {"message": "selenium.common.exceptions.TimeoutException: Message: \nStacktrace:\nSymbols not available. Dumping unresolved backtrace:\n\t0x7ff66c4d88e5\n\t0x7ff66c4d8940\n\t0x7ff66c2b165d\n\t0x7ff66c309a33\n\t0x7ff66c309d3c\n\t0x7ff66c35df67\n\t0x7ff66c35ac97\n\t0x7ff66c2fac29\n\t0x7ff66c2fba93\n\t0x7ff66c7f0640\n\t0x7ff66c7eaf80\n\t0x7ff66c8096e6\n\t0x7ff66c4f5de4\n\t0x7ff66c4fed8c\n\t0x7ff66c4e2004\n\t0x7ff66c4e21b5\n\t0x7ff66c4c7ee2\n\t0x7ff9bb8ce8d7\n\t0x7ff9bcf4c53c\n\n", "trace": "  File \"C:\\Users\\danya\\PycharmProjects\\QA\\.venv\\Lib\\site-packages\\allure_commons\\_allure.py\", line 202, in impl\n    return func(*a, **kw)\n  File \"C:\\Users\\danya\\PycharmProjects\\QA\\pages\\base_page.py\", line 16, in click_elem\n    elem = self.wait_for_elem(locator)\n  File \"C:\\Users\\danya\\PycharmProjects\\QA\\pages\\base_page.py\", line 11, in wait_for_elem\n    elem = wait.until(EC.visibility_of_element_located(locator))\n  File \"C:\\Users\\danya\\PycharmProjects\\QA\\.venv\\Lib\\site-packages\\selenium\\webdriver\\support\\wait.py\", line 122, in until\n    raise TimeoutException(message, screen, stacktrace)\n"}, "parameters": [{"name": "locator", "value": "('id', 'addd-to-cart-sauce-labs-backpack')"}], "start": 1766840338988, "stop": 1766840349266}], "attachments": [{"name": "Screenshot on Failure", "source": "819d21de-5d87-4843-870b-fcea008648e1-attachment.png", "type": "image/png"}], "start": 1766840338987, "stop": 1766840349270, "uuid": "1a722fcb-4d34-488c-9857-8e4d6dcb3011", "historyId": "b9603d404939245cfb3d2d7d624e8149", "testCaseId": "b9603d404939245cfb3d2d7d624e8149", "fullName": "tests.test_cart#test_inventory_page", "labels": [{"name": "parentSuite", "value": "tests"}, {"name": "suite", "value": "test_cart"}, {"name": "host", "value": "DESKTOP-RUJ5QD2"}, {"name": "thread", "value": "10892-MainThread"}, {"name": "framework", "value": "pytest"}, {"name": "language", "value": "cpython3"}, {"name": "package", "value": "tests.test_cart"}], "titlePath": ["tests", "test_cart.py"]}