{"uid":"ca986baae8dc614f","name":"test_inventory_page","fullName":"tests.test_cart#test_inventory_page","historyId":"b9603d404939245cfb3d2d7d624e8149","time":{"start":1766840668645,"stop":1766840678882,"duration":10237},"status":"broken","statusMessage":"selenium.common.exceptions.TimeoutException: Message: \nStacktrace:\nSymbols not available. Dumping unresolved backtrace:\n\t0x7ff66c4d88e5\n\t0x7ff66c4d8940\n\t0x7ff66c2b165d\n\t0x7ff66c309a33\n\t0x7ff66c309d3c\n\t0x7ff66c35df67\n\t0x7ff66c35ac97\n\t0x7ff66c2fac29\n\t0x7ff66c2fba93\n\t0x7ff66c7f0640\n\t0x7ff66c7eaf80\n\t0x7ff66c8096e6\n\t0x7ff66c4f5de4\n\t0x7ff66c4fed8c\n\t0x7ff66c4e2004\n\t0x7ff66c4e21b5\n\t0x7ff66c4c7ee2\n\t0x7ff9bb8ce8d7\n\t0x7ff9bcf4c53c","statusTrace":"driver = <selenium.webdriver.chrome.webdriver.WebDriver (session=\"f51118520353aca690a2ed86949392f7\")>, auto_login = None\n\n    def test_inventory_page(driver, auto_login):\n        inventory_page = InventoryPage(driver)\n>       inventory_page.add_backpack_to_cart()\n\ntests\\test_cart.py:5: \n_ _ _ _ _ _ _ _ _ _ _ _ _ _ _ _ _ _ _ _ _ _ _ _ _ _ _ _ _ _ _ _ _ _ _ _ _ _ _ _ _ _ _ _ _ _ _ _ _ _ _ _ _ _ _ _ _ _ _ _ _ _ _ _ _ _ _ _ _ _ _ _ _ _ _ _ _ _ _ _ _ _ _ _ _ _ _ _ _ _ _ _ _ _ _ _ _ _ _ _ _ _ _ _ _ _ _ _ _ _ _ _ _ \npages\\inventory_page.py:12: in add_backpack_to_cart\n    self.click_elem(self.ADD_TO_CART_BUTTON)\npages\\base_page.py:16: in click_elem\n    elem = self.wait_for_elem(locator)\n           ^^^^^^^^^^^^^^^^^^^^^^^^^^^\npages\\base_page.py:11: in wait_for_elem\n    elem = wait.until(EC.visibility_of_element_located(locator))\n           ^^^^^^^^^^^^^^^^^^^^^^^^^^^^^^^^^^^^^^^^^^^^^^^^^^^^^\n_ _ _ _ _ _ _ _ _ _ _ _ _ _ _ _ _ _ _ _ _ _ _ _ _ _ _ _ _ _ _ _ _ _ _ _ _ _ _ _ _ _ _ _ _ _ _ _ _ _ _ _ _ _ _ _ _ _ _ _ _ _ _ _ _ _ _ _ _ _ _ _ _ _ _ _ _ _ _ _ _ _ _ _ _ _ _ _ _ _ _ _ _ _ _ _ _ _ _ _ _ _ _ _ _ _ _ _ _ _ _ _ _ \n\nself = <selenium.webdriver.support.wait.WebDriverWait (session=\"f51118520353aca690a2ed86949392f7\")>, method = <function visibility_of_element_located.<locals>._predicate at 0x000002158AF11120>, message = ''\n\n    def until(self, method: Callable[[D], Literal[False] | T], message: str = \"\") -> T:\n        \"\"\"Wait until the method returns a value that is not False.\n    \n        Calls the method provided with the driver as an argument until the\n        return value does not evaluate to ``False``.\n    \n        Args:\n            method: A callable object that takes a WebDriver instance as an\n                argument.\n            message: Optional message for TimeoutException.\n    \n        Returns:\n            The result of the last call to `method`.\n    \n        Raises:\n            TimeoutException: If 'method' does not return a truthy value within\n                the WebDriverWait object's timeout.\n    \n        Example:\n            >>> from selenium.webdriver.common.by import By\n            >>> from selenium.webdriver.support.ui import WebDriverWait\n            >>> from selenium.webdriver.support import expected_conditions as EC\n            >>>\n            >>> # Wait until an element is visible on the page\n            >>> wait = WebDriverWait(driver, 10)\n            >>> element = wait.until(EC.visibility_of_element_located((By.ID, \"exampleId\")))\n            >>> print(element.text)\n        \"\"\"\n        screen = None\n        stacktrace = None\n    \n        end_time = time.monotonic() + self._timeout\n        while True:\n            try:\n                value = method(self._driver)\n                if value:\n                    return value\n            except self._ignored_exceptions as exc:\n                screen = getattr(exc, \"screen\", None)\n                stacktrace = getattr(exc, \"stacktrace\", None)\n            if time.monotonic() > end_time:\n                break\n            time.sleep(self._poll)\n>       raise TimeoutException(message, screen, stacktrace)\nE       selenium.common.exceptions.TimeoutException: Message: \nE       Stacktrace:\nE       Symbols not available. Dumping unresolved backtrace:\nE       \t0x7ff66c4d88e5\nE       \t0x7ff66c4d8940\nE       \t0x7ff66c2b165d\nE       \t0x7ff66c309a33\nE       \t0x7ff66c309d3c\nE       \t0x7ff66c35df67\nE       \t0x7ff66c35ac97\nE       \t0x7ff66c2fac29\nE       \t0x7ff66c2fba93\nE       \t0x7ff66c7f0640\nE       \t0x7ff66c7eaf80\nE       \t0x7ff66c8096e6\nE       \t0x7ff66c4f5de4\nE       \t0x7ff66c4fed8c\nE       \t0x7ff66c4e2004\nE       \t0x7ff66c4e21b5\nE       \t0x7ff66c4c7ee2\nE       \t0x7ff9bb8ce8d7\nE       \t0x7ff9bcf4c53c\n\n.venv\\Lib\\site-packages\\selenium\\webdriver\\support\\wait.py:122: TimeoutException","flaky":false,"newFailed":false,"newBroken":false,"newPassed":false,"retriesCount":0,"retriesStatusChange":false,"beforeStages":[{"name":"driver","time":{"start":1766840665988,"stop":1766840667443,"duration":1455},"status":"passed","steps":[],"attachments":[],"parameters":[],"stepsCount":0,"shouldDisplayMessage":false,"attachmentsCount":0,"hasContent":false,"attachmentStep":false},{"name":"auto_login","time":{"start":1766840667443,"stop":1766840668643,"duration":1200},"status":"passed","steps":[{"name":"Вводжу текст в елемент: ('id', 'user-name')","time":{"start":1766840668119,"stop":1766840668336,"duration":217},"status":"passed","steps":[],"attachments":[],"parameters":[{"name":"locator","value":"('id', 'user-name')"},{"name":"data","value":"'standard_user'"}],"stepsCount":0,"shouldDisplayMessage":false,"attachmentsCount":0,"hasContent":true,"attachmentStep":false},{"name":"Вводжу текст в елемент: ('id', 'password')","time":{"start":1766840668336,"stop":1766840668484,"duration":148},"status":"passed","steps":[],"attachments":[],"parameters":[{"name":"locator","value":"('id', 'password')"},{"name":"data","value":"'secret_sauce'"}],"stepsCount":0,"shouldDisplayMessage":false,"attachmentsCount":0,"hasContent":true,"attachmentStep":false},{"name":"Клікаю по елементу: ('id', 'login-button')","time":{"start":1766840668484,"stop":1766840668643,"duration":159},"status":"passed","steps":[],"attachments":[],"parameters":[{"name":"locator","value":"('id', 'login-button')"}],"stepsCount":0,"shouldDisplayMessage":false,"attachmentsCount":0,"hasContent":true,"attachmentStep":false}],"attachments":[],"parameters":[],"stepsCount":3,"shouldDisplayMessage":false,"attachmentsCount":0,"hasContent":true,"attachmentStep":false}],"testStage":{"status":"broken","statusMessage":"selenium.common.exceptions.TimeoutException: Message: \nStacktrace:\nSymbols not available. Dumping unresolved backtrace:\n\t0x7ff66c4d88e5\n\t0x7ff66c4d8940\n\t0x7ff66c2b165d\n\t0x7ff66c309a33\n\t0x7ff66c309d3c\n\t0x7ff66c35df67\n\t0x7ff66c35ac97\n\t0x7ff66c2fac29\n\t0x7ff66c2fba93\n\t0x7ff66c7f0640\n\t0x7ff66c7eaf80\n\t0x7ff66c8096e6\n\t0x7ff66c4f5de4\n\t0x7ff66c4fed8c\n\t0x7ff66c4e2004\n\t0x7ff66c4e21b5\n\t0x7ff66c4c7ee2\n\t0x7ff9bb8ce8d7\n\t0x7ff9bcf4c53c","statusTrace":"driver = <selenium.webdriver.chrome.webdriver.WebDriver (session=\"f51118520353aca690a2ed86949392f7\")>, auto_login = None\n\n    def test_inventory_page(driver, auto_login):\n        inventory_page = InventoryPage(driver)\n>       inventory_page.add_backpack_to_cart()\n\ntests\\test_cart.py:5: \n_ _ _ _ _ _ _ _ _ _ _ _ _ _ _ _ _ _ _ _ _ _ _ _ _ _ _ _ _ _ _ _ _ _ _ _ _ _ _ _ _ _ _ _ _ _ _ _ _ _ _ _ _ _ _ _ _ _ _ _ _ _ _ _ _ _ _ _ _ _ _ _ _ _ _ _ _ _ _ _ _ _ _ _ _ _ _ _ _ _ _ _ _ _ _ _ _ _ _ _ _ _ _ _ _ _ _ _ _ _ _ _ _ \npages\\inventory_page.py:12: in add_backpack_to_cart\n    self.click_elem(self.ADD_TO_CART_BUTTON)\npages\\base_page.py:16: in click_elem\n    elem = self.wait_for_elem(locator)\n           ^^^^^^^^^^^^^^^^^^^^^^^^^^^\npages\\base_page.py:11: in wait_for_elem\n    elem = wait.until(EC.visibility_of_element_located(locator))\n           ^^^^^^^^^^^^^^^^^^^^^^^^^^^^^^^^^^^^^^^^^^^^^^^^^^^^^\n_ _ _ _ _ _ _ _ _ _ _ _ _ _ _ _ _ _ _ _ _ _ _ _ _ _ _ _ _ _ _ _ _ _ _ _ _ _ _ _ _ _ _ _ _ _ _ _ _ _ _ _ _ _ _ _ _ _ _ _ _ _ _ _ _ _ _ _ _ _ _ _ _ _ _ _ _ _ _ _ _ _ _ _ _ _ _ _ _ _ _ _ _ _ _ _ _ _ _ _ _ _ _ _ _ _ _ _ _ _ _ _ _ \n\nself = <selenium.webdriver.support.wait.WebDriverWait (session=\"f51118520353aca690a2ed86949392f7\")>, method = <function visibility_of_element_located.<locals>._predicate at 0x000002158AF11120>, message = ''\n\n    def until(self, method: Callable[[D], Literal[False] | T], message: str = \"\") -> T:\n        \"\"\"Wait until the method returns a value that is not False.\n    \n        Calls the method provided with the driver as an argument until the\n        return value does not evaluate to ``False``.\n    \n        Args:\n            method: A callable object that takes a WebDriver instance as an\n                argument.\n            message: Optional message for TimeoutException.\n    \n        Returns:\n            The result of the last call to `method`.\n    \n        Raises:\n            TimeoutException: If 'method' does not return a truthy value within\n                the WebDriverWait object's timeout.\n    \n        Example:\n            >>> from selenium.webdriver.common.by import By\n            >>> from selenium.webdriver.support.ui import WebDriverWait\n            >>> from selenium.webdriver.support import expected_conditions as EC\n            >>>\n            >>> # Wait until an element is visible on the page\n            >>> wait = WebDriverWait(driver, 10)\n            >>> element = wait.until(EC.visibility_of_element_located((By.ID, \"exampleId\")))\n            >>> print(element.text)\n        \"\"\"\n        screen = None\n        stacktrace = None\n    \n        end_time = time.monotonic() + self._timeout\n        while True:\n            try:\n                value = method(self._driver)\n                if value:\n                    return value\n            except self._ignored_exceptions as exc:\n                screen = getattr(exc, \"screen\", None)\n                stacktrace = getattr(exc, \"stacktrace\", None)\n            if time.monotonic() > end_time:\n                break\n            time.sleep(self._poll)\n>       raise TimeoutException(message, screen, stacktrace)\nE       selenium.common.exceptions.TimeoutException: Message: \nE       Stacktrace:\nE       Symbols not available. Dumping unresolved backtrace:\nE       \t0x7ff66c4d88e5\nE       \t0x7ff66c4d8940\nE       \t0x7ff66c2b165d\nE       \t0x7ff66c309a33\nE       \t0x7ff66c309d3c\nE       \t0x7ff66c35df67\nE       \t0x7ff66c35ac97\nE       \t0x7ff66c2fac29\nE       \t0x7ff66c2fba93\nE       \t0x7ff66c7f0640\nE       \t0x7ff66c7eaf80\nE       \t0x7ff66c8096e6\nE       \t0x7ff66c4f5de4\nE       \t0x7ff66c4fed8c\nE       \t0x7ff66c4e2004\nE       \t0x7ff66c4e21b5\nE       \t0x7ff66c4c7ee2\nE       \t0x7ff9bb8ce8d7\nE       \t0x7ff9bcf4c53c\n\n.venv\\Lib\\site-packages\\selenium\\webdriver\\support\\wait.py:122: TimeoutException","steps":[{"name":"Клікаю по елементу: ('id', 'addd-to-cart-sauce-labs-backpack')","time":{"start":1766840668645,"stop":1766840678879,"duration":10234},"status":"broken","statusMessage":"selenium.common.exceptions.TimeoutException: Message: \nStacktrace:\nSymbols not available. Dumping unresolved backtrace:\n\t0x7ff66c4d88e5\n\t0x7ff66c4d8940\n\t0x7ff66c2b165d\n\t0x7ff66c309a33\n\t0x7ff66c309d3c\n\t0x7ff66c35df67\n\t0x7ff66c35ac97\n\t0x7ff66c2fac29\n\t0x7ff66c2fba93\n\t0x7ff66c7f0640\n\t0x7ff66c7eaf80\n\t0x7ff66c8096e6\n\t0x7ff66c4f5de4\n\t0x7ff66c4fed8c\n\t0x7ff66c4e2004\n\t0x7ff66c4e21b5\n\t0x7ff66c4c7ee2\n\t0x7ff9bb8ce8d7\n\t0x7ff9bcf4c53c\n\n","statusTrace":"  File \"C:\\Users\\danya\\PycharmProjects\\QA\\.venv\\Lib\\site-packages\\allure_commons\\_allure.py\", line 202, in impl\n    return func(*a, **kw)\n  File \"C:\\Users\\danya\\PycharmProjects\\QA\\pages\\base_page.py\", line 16, in click_elem\n    elem = self.wait_for_elem(locator)\n  File \"C:\\Users\\danya\\PycharmProjects\\QA\\pages\\base_page.py\", line 11, in wait_for_elem\n    elem = wait.until(EC.visibility_of_element_located(locator))\n  File \"C:\\Users\\danya\\PycharmProjects\\QA\\.venv\\Lib\\site-packages\\selenium\\webdriver\\support\\wait.py\", line 122, in until\n    raise TimeoutException(message, screen, stacktrace)\n","steps":[],"attachments":[],"parameters":[{"name":"locator","value":"('id', 'addd-to-cart-sauce-labs-backpack')"}],"stepsCount":0,"shouldDisplayMessage":true,"attachmentsCount":0,"hasContent":true,"attachmentStep":false}],"attachments":[{"uid":"fc79e521c30ad0a2","name":"Screenshot on Failure","source":"fc79e521c30ad0a2.png","type":"image/png","size":141268}],"parameters":[],"stepsCount":1,"shouldDisplayMessage":true,"attachmentsCount":1,"hasContent":true,"attachmentStep":false},"afterStages":[{"name":"driver::0","time":{"start":1766840679232,"stop":1766840681462,"duration":2230},"status":"passed","steps":[],"attachments":[],"parameters":[],"stepsCount":0,"shouldDisplayMessage":false,"attachmentsCount":0,"hasContent":false,"attachmentStep":false}],"labels":[{"name":"parentSuite","value":"tests"},{"name":"suite","value":"test_cart"},{"name":"host","value":"DESKTOP-RUJ5QD2"},{"name":"thread","value":"26608-MainThread"},{"name":"framework","value":"pytest"},{"name":"language","value":"cpython3"},{"name":"package","value":"tests.test_cart"},{"name":"resultFormat","value":"allure2"}],"parameters":[],"links":[],"hidden":true,"retry":true,"extra":{"categories":[],"tags":[]},"source":"ca986baae8dc614f.json","parameterValues":[]}