{"uid":"d4e30e3d85f1334c","name":"test_inventory_page","fullName":"tests.test_cart#test_inventory_page","historyId":"b9603d404939245cfb3d2d7d624e8149","time":{"start":1766754034806,"stop":1766754045143,"duration":10337},"status":"broken","statusMessage":"selenium.common.exceptions.TimeoutException: Message: \nStacktrace:\nSymbols not available. Dumping unresolved backtrace:\n\t0x7ff7cc1388e5\n\t0x7ff7cc138940\n\t0x7ff7cbf1165d\n\t0x7ff7cbf69a33\n\t0x7ff7cbf69d3c\n\t0x7ff7cbfbdf67\n\t0x7ff7cbfbac97\n\t0x7ff7cbf5ac29\n\t0x7ff7cbf5ba93\n\t0x7ff7cc450640\n\t0x7ff7cc44af80\n\t0x7ff7cc4696e6\n\t0x7ff7cc155de4\n\t0x7ff7cc15ed8c\n\t0x7ff7cc142004\n\t0x7ff7cc1421b5\n\t0x7ff7cc127ee2\n\t0x7ff9bb8ce8d7\n\t0x7ff9bcf4c53c","statusTrace":"driver = <selenium.webdriver.chrome.webdriver.WebDriver (session=\"9e425f46608869bcf7df417d8dd985b5\")>, auto_login = None\n\n    def test_inventory_page(driver, auto_login):\n        inventory_page = InventoryPage(driver)\n>       inventory_page.add_backpack_to_cart()\n\ntests\\test_cart.py:5: \n_ _ _ _ _ _ _ _ _ _ _ _ _ _ _ _ _ _ _ _ _ _ _ _ _ _ _ _ _ _ _ _ _ _ _ _ _ _ _ _ _ _ _ _ _ _ _ _ _ _ _ _ _ _ _ _ _ _ _ _ _ _ _ _ _ _ _ _ _ _ _ _ _ _ _ _ _ _ _ _ _ _ _ _ _ _ _ _ _ _ _ _ _ _ _ _ _ _ _ _ _ _ _ _ _ _ _ _ _ _ _ _ _ _\npages\\inventory_page.py:12: in add_backpack_to_cart\n    self.click_elem(self.ADD_TO_CART_BUTTON)\npages\\base_page.py:16: in click_elem\n    elem = self.wait_for_elem(locator)\n           ^^^^^^^^^^^^^^^^^^^^^^^^^^^\npages\\base_page.py:11: in wait_for_elem\n    elem = wait.until(EC.visibility_of_element_located(locator))\n           ^^^^^^^^^^^^^^^^^^^^^^^^^^^^^^^^^^^^^^^^^^^^^^^^^^^^^\n_ _ _ _ _ _ _ _ _ _ _ _ _ _ _ _ _ _ _ _ _ _ _ _ _ _ _ _ _ _ _ _ _ _ _ _ _ _ _ _ _ _ _ _ _ _ _ _ _ _ _ _ _ _ _ _ _ _ _ _ _ _ _ _ _ _ _ _ _ _ _ _ _ _ _ _ _ _ _ _ _ _ _ _ _ _ _ _ _ _ _ _ _ _ _ _ _ _ _ _ _ _ _ _ _ _ _ _ _ _ _ _ _ _\n\nself = <selenium.webdriver.support.wait.WebDriverWait (session=\"9e425f46608869bcf7df417d8dd985b5\")>, method = <function visibility_of_element_located.<locals>._predicate at 0x0000020E80130F40>, message = ''\n\n    def until(self, method: Callable[[D], Literal[False] | T], message: str = \"\") -> T:\n        \"\"\"Wait until the method returns a value that is not False.\n    \n        Calls the method provided with the driver as an argument until the\n        return value does not evaluate to ``False``.\n    \n        Args:\n            method: A callable object that takes a WebDriver instance as an\n                argument.\n            message: Optional message for TimeoutException.\n    \n        Returns:\n            The result of the last call to `method`.\n    \n        Raises:\n            TimeoutException: If 'method' does not return a truthy value within\n                the WebDriverWait object's timeout.\n    \n        Example:\n            >>> from selenium.webdriver.common.by import By\n            >>> from selenium.webdriver.support.ui import WebDriverWait\n            >>> from selenium.webdriver.support import expected_conditions as EC\n            >>>\n            >>> # Wait until an element is visible on the page\n            >>> wait = WebDriverWait(driver, 10)\n            >>> element = wait.until(EC.visibility_of_element_located((By.ID, \"exampleId\")))\n            >>> print(element.text)\n        \"\"\"\n        screen = None\n        stacktrace = None\n    \n        end_time = time.monotonic() + self._timeout\n        while True:\n            try:\n                value = method(self._driver)\n                if value:\n                    return value\n            except self._ignored_exceptions as exc:\n                screen = getattr(exc, \"screen\", None)\n                stacktrace = getattr(exc, \"stacktrace\", None)\n            if time.monotonic() > end_time:\n                break\n            time.sleep(self._poll)\n>       raise TimeoutException(message, screen, stacktrace)\nE       selenium.common.exceptions.TimeoutException: Message: \nE       Stacktrace:\nE       Symbols not available. Dumping unresolved backtrace:\nE       \t0x7ff7cc1388e5\nE       \t0x7ff7cc138940\nE       \t0x7ff7cbf1165d\nE       \t0x7ff7cbf69a33\nE       \t0x7ff7cbf69d3c\nE       \t0x7ff7cbfbdf67\nE       \t0x7ff7cbfbac97\nE       \t0x7ff7cbf5ac29\nE       \t0x7ff7cbf5ba93\nE       \t0x7ff7cc450640\nE       \t0x7ff7cc44af80\nE       \t0x7ff7cc4696e6\nE       \t0x7ff7cc155de4\nE       \t0x7ff7cc15ed8c\nE       \t0x7ff7cc142004\nE       \t0x7ff7cc1421b5\nE       \t0x7ff7cc127ee2\nE       \t0x7ff9bb8ce8d7\nE       \t0x7ff9bcf4c53c\n\n.venv\\Lib\\site-packages\\selenium\\webdriver\\support\\wait.py:122: TimeoutException","flaky":false,"newFailed":false,"newBroken":false,"newPassed":false,"retriesCount":0,"retriesStatusChange":false,"beforeStages":[{"name":"driver","time":{"start":1766754032398,"stop":1766754033732,"duration":1334},"status":"passed","steps":[],"attachments":[],"parameters":[],"stepsCount":0,"shouldDisplayMessage":false,"attachmentsCount":0,"hasContent":false,"attachmentStep":false},{"name":"auto_login","time":{"start":1766754033732,"stop":1766754034805,"duration":1073},"status":"passed","steps":[{"name":"Вводжу текст в елемент: ('id', 'user-name')","time":{"start":1766754034313,"stop":1766754034493,"duration":180},"status":"passed","steps":[],"attachments":[],"parameters":[{"name":"locator","value":"('id', 'user-name')"},{"name":"data","value":"'standard_user'"}],"stepsCount":0,"shouldDisplayMessage":false,"attachmentsCount":0,"hasContent":true,"attachmentStep":false},{"name":"Вводжу текст в елемент: ('id', 'password')","time":{"start":1766754034493,"stop":1766754034624,"duration":131},"status":"passed","steps":[],"attachments":[],"parameters":[{"name":"locator","value":"('id', 'password')"},{"name":"data","value":"'secret_sauce'"}],"stepsCount":0,"shouldDisplayMessage":false,"attachmentsCount":0,"hasContent":true,"attachmentStep":false},{"name":"Клікаю по елементу: ('id', 'login-button')","time":{"start":1766754034624,"stop":1766754034805,"duration":181},"status":"passed","steps":[],"attachments":[],"parameters":[{"name":"locator","value":"('id', 'login-button')"}],"stepsCount":0,"shouldDisplayMessage":false,"attachmentsCount":0,"hasContent":true,"attachmentStep":false}],"attachments":[],"parameters":[],"stepsCount":3,"shouldDisplayMessage":false,"attachmentsCount":0,"hasContent":true,"attachmentStep":false}],"testStage":{"status":"broken","statusMessage":"selenium.common.exceptions.TimeoutException: Message: \nStacktrace:\nSymbols not available. Dumping unresolved backtrace:\n\t0x7ff7cc1388e5\n\t0x7ff7cc138940\n\t0x7ff7cbf1165d\n\t0x7ff7cbf69a33\n\t0x7ff7cbf69d3c\n\t0x7ff7cbfbdf67\n\t0x7ff7cbfbac97\n\t0x7ff7cbf5ac29\n\t0x7ff7cbf5ba93\n\t0x7ff7cc450640\n\t0x7ff7cc44af80\n\t0x7ff7cc4696e6\n\t0x7ff7cc155de4\n\t0x7ff7cc15ed8c\n\t0x7ff7cc142004\n\t0x7ff7cc1421b5\n\t0x7ff7cc127ee2\n\t0x7ff9bb8ce8d7\n\t0x7ff9bcf4c53c","statusTrace":"driver = <selenium.webdriver.chrome.webdriver.WebDriver (session=\"9e425f46608869bcf7df417d8dd985b5\")>, auto_login = None\n\n    def test_inventory_page(driver, auto_login):\n        inventory_page = InventoryPage(driver)\n>       inventory_page.add_backpack_to_cart()\n\ntests\\test_cart.py:5: \n_ _ _ _ _ _ _ _ _ _ _ _ _ _ _ _ _ _ _ _ _ _ _ _ _ _ _ _ _ _ _ _ _ _ _ _ _ _ _ _ _ _ _ _ _ _ _ _ _ _ _ _ _ _ _ _ _ _ _ _ _ _ _ _ _ _ _ _ _ _ _ _ _ _ _ _ _ _ _ _ _ _ _ _ _ _ _ _ _ _ _ _ _ _ _ _ _ _ _ _ _ _ _ _ _ _ _ _ _ _ _ _ _ _\npages\\inventory_page.py:12: in add_backpack_to_cart\n    self.click_elem(self.ADD_TO_CART_BUTTON)\npages\\base_page.py:16: in click_elem\n    elem = self.wait_for_elem(locator)\n           ^^^^^^^^^^^^^^^^^^^^^^^^^^^\npages\\base_page.py:11: in wait_for_elem\n    elem = wait.until(EC.visibility_of_element_located(locator))\n           ^^^^^^^^^^^^^^^^^^^^^^^^^^^^^^^^^^^^^^^^^^^^^^^^^^^^^\n_ _ _ _ _ _ _ _ _ _ _ _ _ _ _ _ _ _ _ _ _ _ _ _ _ _ _ _ _ _ _ _ _ _ _ _ _ _ _ _ _ _ _ _ _ _ _ _ _ _ _ _ _ _ _ _ _ _ _ _ _ _ _ _ _ _ _ _ _ _ _ _ _ _ _ _ _ _ _ _ _ _ _ _ _ _ _ _ _ _ _ _ _ _ _ _ _ _ _ _ _ _ _ _ _ _ _ _ _ _ _ _ _ _\n\nself = <selenium.webdriver.support.wait.WebDriverWait (session=\"9e425f46608869bcf7df417d8dd985b5\")>, method = <function visibility_of_element_located.<locals>._predicate at 0x0000020E80130F40>, message = ''\n\n    def until(self, method: Callable[[D], Literal[False] | T], message: str = \"\") -> T:\n        \"\"\"Wait until the method returns a value that is not False.\n    \n        Calls the method provided with the driver as an argument until the\n        return value does not evaluate to ``False``.\n    \n        Args:\n            method: A callable object that takes a WebDriver instance as an\n                argument.\n            message: Optional message for TimeoutException.\n    \n        Returns:\n            The result of the last call to `method`.\n    \n        Raises:\n            TimeoutException: If 'method' does not return a truthy value within\n                the WebDriverWait object's timeout.\n    \n        Example:\n            >>> from selenium.webdriver.common.by import By\n            >>> from selenium.webdriver.support.ui import WebDriverWait\n            >>> from selenium.webdriver.support import expected_conditions as EC\n            >>>\n            >>> # Wait until an element is visible on the page\n            >>> wait = WebDriverWait(driver, 10)\n            >>> element = wait.until(EC.visibility_of_element_located((By.ID, \"exampleId\")))\n            >>> print(element.text)\n        \"\"\"\n        screen = None\n        stacktrace = None\n    \n        end_time = time.monotonic() + self._timeout\n        while True:\n            try:\n                value = method(self._driver)\n                if value:\n                    return value\n            except self._ignored_exceptions as exc:\n                screen = getattr(exc, \"screen\", None)\n                stacktrace = getattr(exc, \"stacktrace\", None)\n            if time.monotonic() > end_time:\n                break\n            time.sleep(self._poll)\n>       raise TimeoutException(message, screen, stacktrace)\nE       selenium.common.exceptions.TimeoutException: Message: \nE       Stacktrace:\nE       Symbols not available. Dumping unresolved backtrace:\nE       \t0x7ff7cc1388e5\nE       \t0x7ff7cc138940\nE       \t0x7ff7cbf1165d\nE       \t0x7ff7cbf69a33\nE       \t0x7ff7cbf69d3c\nE       \t0x7ff7cbfbdf67\nE       \t0x7ff7cbfbac97\nE       \t0x7ff7cbf5ac29\nE       \t0x7ff7cbf5ba93\nE       \t0x7ff7cc450640\nE       \t0x7ff7cc44af80\nE       \t0x7ff7cc4696e6\nE       \t0x7ff7cc155de4\nE       \t0x7ff7cc15ed8c\nE       \t0x7ff7cc142004\nE       \t0x7ff7cc1421b5\nE       \t0x7ff7cc127ee2\nE       \t0x7ff9bb8ce8d7\nE       \t0x7ff9bcf4c53c\n\n.venv\\Lib\\site-packages\\selenium\\webdriver\\support\\wait.py:122: TimeoutException","steps":[{"name":"Клікаю по елементу: ('id', 'adddd-to-cart-sauce-labs-backpack')","time":{"start":1766754034806,"stop":1766754045140,"duration":10334},"status":"broken","statusMessage":"selenium.common.exceptions.TimeoutException: Message: \nStacktrace:\nSymbols not available. Dumping unresolved backtrace:\n\t0x7ff7cc1388e5\n\t0x7ff7cc138940\n\t0x7ff7cbf1165d\n\t0x7ff7cbf69a33\n\t0x7ff7cbf69d3c\n\t0x7ff7cbfbdf67\n\t0x7ff7cbfbac97\n\t0x7ff7cbf5ac29\n\t0x7ff7cbf5ba93\n\t0x7ff7cc450640\n\t0x7ff7cc44af80\n\t0x7ff7cc4696e6\n\t0x7ff7cc155de4\n\t0x7ff7cc15ed8c\n\t0x7ff7cc142004\n\t0x7ff7cc1421b5\n\t0x7ff7cc127ee2\n\t0x7ff9bb8ce8d7\n\t0x7ff9bcf4c53c\n\n","statusTrace":"  File \"C:\\Users\\danya\\PycharmProjects\\QA\\.venv\\Lib\\site-packages\\allure_commons\\_allure.py\", line 202, in impl\n    return func(*a, **kw)\n  File \"C:\\Users\\danya\\PycharmProjects\\QA\\pages\\base_page.py\", line 16, in click_elem\n    elem = self.wait_for_elem(locator)\n  File \"C:\\Users\\danya\\PycharmProjects\\QA\\pages\\base_page.py\", line 11, in wait_for_elem\n    elem = wait.until(EC.visibility_of_element_located(locator))\n  File \"C:\\Users\\danya\\PycharmProjects\\QA\\.venv\\Lib\\site-packages\\selenium\\webdriver\\support\\wait.py\", line 122, in until\n    raise TimeoutException(message, screen, stacktrace)\n","steps":[],"attachments":[],"parameters":[{"name":"locator","value":"('id', 'adddd-to-cart-sauce-labs-backpack')"}],"stepsCount":0,"shouldDisplayMessage":true,"attachmentsCount":0,"hasContent":true,"attachmentStep":false}],"attachments":[],"parameters":[],"stepsCount":1,"shouldDisplayMessage":true,"attachmentsCount":0,"hasContent":true,"attachmentStep":false},"afterStages":[{"name":"driver::0","time":{"start":1766754045376,"stop":1766754047713,"duration":2337},"status":"passed","steps":[],"attachments":[],"parameters":[],"stepsCount":0,"shouldDisplayMessage":false,"attachmentsCount":0,"hasContent":false,"attachmentStep":false}],"labels":[{"name":"parentSuite","value":"tests"},{"name":"suite","value":"test_cart"},{"name":"host","value":"DESKTOP-RUJ5QD2"},{"name":"thread","value":"26116-MainThread"},{"name":"framework","value":"pytest"},{"name":"language","value":"cpython3"},{"name":"package","value":"tests.test_cart"},{"name":"resultFormat","value":"allure2"}],"parameters":[],"links":[],"hidden":true,"retry":true,"extra":{"categories":[],"tags":[]},"source":"d4e30e3d85f1334c.json","parameterValues":[]}